  pch.cpp
  CircleP.cpp
  EllipseP.cpp
  Figure.cpp
  LineP.cpp
  PainterIBAI.cpp
C:\Users\john\Desktop\Everything\לימודים\סמסטר ג\OOP\PainterIBAI\PainterIBAI1\PainterIBAI.cpp(62,33): warning C4566: character represented by universal-character-name '\u05DC' cannot be represented in the current code page (1252)
C:\Users\john\Desktop\Everything\לימודים\סמסטר ג\OOP\PainterIBAI\PainterIBAI1\PainterIBAI.cpp(62,33): warning C4566: character represented by universal-character-name '\u05D9' cannot be represented in the current code page (1252)
C:\Users\john\Desktop\Everything\לימודים\סמסטר ג\OOP\PainterIBAI\PainterIBAI1\PainterIBAI.cpp(62,33): warning C4566: character represented by universal-character-name '\u05DE' cannot be represented in the current code page (1252)
C:\Users\john\Desktop\Everything\לימודים\סמסטר ג\OOP\PainterIBAI\PainterIBAI1\PainterIBAI.cpp(62,33): warning C4566: character represented by universal-character-name '\u05D5' cannot be represented in the current code page (1252)
C:\Users\john\Desktop\Everything\לימודים\סמסטר ג\OOP\PainterIBAI\PainterIBAI1\PainterIBAI.cpp(62,33): warning C4566: character represented by universal-character-name '\u05D3' cannot be represented in the current code page (1252)
C:\Users\john\Desktop\Everything\לימודים\סמסטר ג\OOP\PainterIBAI\PainterIBAI1\PainterIBAI.cpp(62,33): warning C4566: character represented by universal-character-name '\u05DD' cannot be represented in the current code page (1252)
C:\Users\john\Desktop\Everything\לימודים\סמסטר ג\OOP\PainterIBAI\PainterIBAI1\PainterIBAI.cpp(62,33): warning C4566: character represented by universal-character-name '\u05E1' cannot be represented in the current code page (1252)
C:\Users\john\Desktop\Everything\לימודים\סמסטר ג\OOP\PainterIBAI\PainterIBAI1\PainterIBAI.cpp(62,33): warning C4566: character represented by universal-character-name '\u05D8' cannot be represented in the current code page (1252)
C:\Users\john\Desktop\Everything\לימודים\סמסטר ג\OOP\PainterIBAI\PainterIBAI1\PainterIBAI.cpp(62,33): warning C4566: character represented by universal-character-name '\u05E8' cannot be represented in the current code page (1252)
C:\Users\john\Desktop\Everything\לימודים\סמסטר ג\OOP\PainterIBAI\PainterIBAI1\PainterIBAI.cpp(62,33): warning C4566: character represented by universal-character-name '\u05D2' cannot be represented in the current code page (1252)
C:\Users\john\Desktop\Everything\לימודים\סמסטר ג\OOP\PainterIBAI\PainterIBAI1\PainterIBAI.cpp(91,3): warning C4566: character represented by universal-character-name '\u05DC' cannot be represented in the current code page (1252)
C:\Users\john\Desktop\Everything\לימודים\סמסטר ג\OOP\PainterIBAI\PainterIBAI1\PainterIBAI.cpp(91,3): warning C4566: character represented by universal-character-name '\u05D9' cannot be represented in the current code page (1252)
C:\Users\john\Desktop\Everything\לימודים\סמסטר ג\OOP\PainterIBAI\PainterIBAI1\PainterIBAI.cpp(91,3): warning C4566: character represented by universal-character-name '\u05DE' cannot be represented in the current code page (1252)
C:\Users\john\Desktop\Everything\לימודים\סמסטר ג\OOP\PainterIBAI\PainterIBAI1\PainterIBAI.cpp(91,3): warning C4566: character represented by universal-character-name '\u05D5' cannot be represented in the current code page (1252)
C:\Users\john\Desktop\Everything\לימודים\סמסטר ג\OOP\PainterIBAI\PainterIBAI1\PainterIBAI.cpp(91,3): warning C4566: character represented by universal-character-name '\u05D3' cannot be represented in the current code page (1252)
C:\Users\john\Desktop\Everything\לימודים\סמסטר ג\OOP\PainterIBAI\PainterIBAI1\PainterIBAI.cpp(91,3): warning C4566: character represented by universal-character-name '\u05DD' cannot be represented in the current code page (1252)
C:\Users\john\Desktop\Everything\לימודים\סמסטר ג\OOP\PainterIBAI\PainterIBAI1\PainterIBAI.cpp(91,3): warning C4566: character represented by universal-character-name '\u05E1' cannot be represented in the current code page (1252)
C:\Users\john\Desktop\Everything\לימודים\סמסטר ג\OOP\PainterIBAI\PainterIBAI1\PainterIBAI.cpp(91,3): warning C4566: character represented by universal-character-name '\u05D8' cannot be represented in the current code page (1252)
C:\Users\john\Desktop\Everything\לימודים\סמסטר ג\OOP\PainterIBAI\PainterIBAI1\PainterIBAI.cpp(91,3): warning C4566: character represented by universal-character-name '\u05E8' cannot be represented in the current code page (1252)
C:\Users\john\Desktop\Everything\לימודים\סמסטר ג\OOP\PainterIBAI\PainterIBAI1\PainterIBAI.cpp(91,3): warning C4566: character represented by universal-character-name '\u05D2' cannot be represented in the current code page (1252)
C:\Users\john\Desktop\Everything\לימודים\סמסטר ג\OOP\PainterIBAI\PainterIBAI1\PainterIBAI.cpp(92,3): warning C4566: character represented by universal-character-name '\u05DC' cannot be represented in the current code page (1252)
C:\Users\john\Desktop\Everything\לימודים\סמסטר ג\OOP\PainterIBAI\PainterIBAI1\PainterIBAI.cpp(92,3): warning C4566: character represented by universal-character-name '\u05D9' cannot be represented in the current code page (1252)
C:\Users\john\Desktop\Everything\לימודים\סמסטר ג\OOP\PainterIBAI\PainterIBAI1\PainterIBAI.cpp(92,3): warning C4566: character represented by universal-character-name '\u05DE' cannot be represented in the current code page (1252)
C:\Users\john\Desktop\Everything\לימודים\סמסטר ג\OOP\PainterIBAI\PainterIBAI1\PainterIBAI.cpp(92,3): warning C4566: character represented by universal-character-name '\u05D5' cannot be represented in the current code page (1252)
C:\Users\john\Desktop\Everything\לימודים\סמסטר ג\OOP\PainterIBAI\PainterIBAI1\PainterIBAI.cpp(92,3): warning C4566: character represented by universal-character-name '\u05D3' cannot be represented in the current code page (1252)
C:\Users\john\Desktop\Everything\לימודים\סמסטר ג\OOP\PainterIBAI\PainterIBAI1\PainterIBAI.cpp(92,3): warning C4566: character represented by universal-character-name '\u05DD' cannot be represented in the current code page (1252)
C:\Users\john\Desktop\Everything\לימודים\סמסטר ג\OOP\PainterIBAI\PainterIBAI1\PainterIBAI.cpp(92,3): warning C4566: character represented by universal-character-name '\u05E1' cannot be represented in the current code page (1252)
C:\Users\john\Desktop\Everything\לימודים\סמסטר ג\OOP\PainterIBAI\PainterIBAI1\PainterIBAI.cpp(92,3): warning C4566: character represented by universal-character-name '\u05D8' cannot be represented in the current code page (1252)
C:\Users\john\Desktop\Everything\לימודים\סמסטר ג\OOP\PainterIBAI\PainterIBAI1\PainterIBAI.cpp(92,3): warning C4566: character represented by universal-character-name '\u05E8' cannot be represented in the current code page (1252)
C:\Users\john\Desktop\Everything\לימודים\סמסטר ג\OOP\PainterIBAI\PainterIBAI1\PainterIBAI.cpp(92,3): warning C4566: character represented by universal-character-name '\u05D2' cannot be represented in the current code page (1252)
  PainterIBAIDlg.cpp
C:\Users\john\Desktop\Everything\לימודים\סמסטר ג\OOP\PainterIBAI\PainterIBAI1\PainterIBAIDlg.cpp(136,13): warning C4566: character represented by universal-character-name '\u05DC' cannot be represented in the current code page (1252)
C:\Users\john\Desktop\Everything\לימודים\סמסטר ג\OOP\PainterIBAI\PainterIBAI1\PainterIBAIDlg.cpp(136,13): warning C4566: character represented by universal-character-name '\u05D9' cannot be represented in the current code page (1252)
C:\Users\john\Desktop\Everything\לימודים\סמסטר ג\OOP\PainterIBAI\PainterIBAI1\PainterIBAIDlg.cpp(136,13): warning C4566: character represented by universal-character-name '\u05DE' cannot be represented in the current code page (1252)
C:\Users\john\Desktop\Everything\לימודים\סמסטר ג\OOP\PainterIBAI\PainterIBAI1\PainterIBAIDlg.cpp(136,13): warning C4566: character represented by universal-character-name '\u05D5' cannot be represented in the current code page (1252)
C:\Users\john\Desktop\Everything\לימודים\סמסטר ג\OOP\PainterIBAI\PainterIBAI1\PainterIBAIDlg.cpp(136,13): warning C4566: character represented by universal-character-name '\u05D3' cannot be represented in the current code page (1252)
C:\Users\john\Desktop\Everything\לימודים\סמסטר ג\OOP\PainterIBAI\PainterIBAI1\PainterIBAIDlg.cpp(136,13): warning C4566: character represented by universal-character-name '\u05DD' cannot be represented in the current code page (1252)
C:\Users\john\Desktop\Everything\לימודים\סמסטר ג\OOP\PainterIBAI\PainterIBAI1\PainterIBAIDlg.cpp(136,13): warning C4566: character represented by universal-character-name '\u05E1' cannot be represented in the current code page (1252)
C:\Users\john\Desktop\Everything\לימודים\סמסטר ג\OOP\PainterIBAI\PainterIBAI1\PainterIBAIDlg.cpp(136,13): warning C4566: character represented by universal-character-name '\u05D8' cannot be represented in the current code page (1252)
C:\Users\john\Desktop\Everything\לימודים\סמסטר ג\OOP\PainterIBAI\PainterIBAI1\PainterIBAIDlg.cpp(136,13): warning C4566: character represented by universal-character-name '\u05E8' cannot be represented in the current code page (1252)
C:\Users\john\Desktop\Everything\לימודים\סמסטר ג\OOP\PainterIBAI\PainterIBAI1\PainterIBAIDlg.cpp(136,13): warning C4566: character represented by universal-character-name '\u05D2' cannot be represented in the current code page (1252)
C:\Users\john\Desktop\Everything\לימודים\סמסטר ג\OOP\PainterIBAI\PainterIBAI1\PainterIBAIDlg.cpp(139,13): warning C4566: character represented by universal-character-name '\u05DC' cannot be represented in the current code page (1252)
C:\Users\john\Desktop\Everything\לימודים\סמסטר ג\OOP\PainterIBAI\PainterIBAI1\PainterIBAIDlg.cpp(139,13): warning C4566: character represented by universal-character-name '\u05D9' cannot be represented in the current code page (1252)
C:\Users\john\Desktop\Everything\לימודים\סמסטר ג\OOP\PainterIBAI\PainterIBAI1\PainterIBAIDlg.cpp(139,13): warning C4566: character represented by universal-character-name '\u05DE' cannot be represented in the current code page (1252)
C:\Users\john\Desktop\Everything\לימודים\סמסטר ג\OOP\PainterIBAI\PainterIBAI1\PainterIBAIDlg.cpp(139,13): warning C4566: character represented by universal-character-name '\u05D5' cannot be represented in the current code page (1252)
C:\Users\john\Desktop\Everything\לימודים\סמסטר ג\OOP\PainterIBAI\PainterIBAI1\PainterIBAIDlg.cpp(139,13): warning C4566: character represented by universal-character-name '\u05D3' cannot be represented in the current code page (1252)
C:\Users\john\Desktop\Everything\לימודים\סמסטר ג\OOP\PainterIBAI\PainterIBAI1\PainterIBAIDlg.cpp(139,13): warning C4566: character represented by universal-character-name '\u05DD' cannot be represented in the current code page (1252)
C:\Users\john\Desktop\Everything\לימודים\סמסטר ג\OOP\PainterIBAI\PainterIBAI1\PainterIBAIDlg.cpp(139,13): warning C4566: character represented by universal-character-name '\u05E1' cannot be represented in the current code page (1252)
C:\Users\john\Desktop\Everything\לימודים\סמסטר ג\OOP\PainterIBAI\PainterIBAI1\PainterIBAIDlg.cpp(139,13): warning C4566: character represented by universal-character-name '\u05D8' cannot be represented in the current code page (1252)
C:\Users\john\Desktop\Everything\לימודים\סמסטר ג\OOP\PainterIBAI\PainterIBAI1\PainterIBAIDlg.cpp(139,13): warning C4566: character represented by universal-character-name '\u05E8' cannot be represented in the current code page (1252)
C:\Users\john\Desktop\Everything\לימודים\סמסטר ג\OOP\PainterIBAI\PainterIBAI1\PainterIBAIDlg.cpp(139,13): warning C4566: character represented by universal-character-name '\u05D2' cannot be represented in the current code page (1252)
C:\Users\john\Desktop\Everything\לימודים\סמסטר ג\OOP\PainterIBAI\PainterIBAI1\PainterIBAIDlg.cpp(143,13): warning C4566: character represented by universal-character-name '\u05DC' cannot be represented in the current code page (1252)
C:\Users\john\Desktop\Everything\לימודים\סמסטר ג\OOP\PainterIBAI\PainterIBAI1\PainterIBAIDlg.cpp(143,13): warning C4566: character represented by universal-character-name '\u05D9' cannot be represented in the current code page (1252)
C:\Users\john\Desktop\Everything\לימודים\סמסטר ג\OOP\PainterIBAI\PainterIBAI1\PainterIBAIDlg.cpp(143,13): warning C4566: character represented by universal-character-name '\u05DE' cannot be represented in the current code page (1252)
C:\Users\john\Desktop\Everything\לימודים\סמסטר ג\OOP\PainterIBAI\PainterIBAI1\PainterIBAIDlg.cpp(143,13): warning C4566: character represented by universal-character-name '\u05D5' cannot be represented in the current code page (1252)
C:\Users\john\Desktop\Everything\לימודים\סמסטר ג\OOP\PainterIBAI\PainterIBAI1\PainterIBAIDlg.cpp(143,13): warning C4566: character represented by universal-character-name '\u05D3' cannot be represented in the current code page (1252)
C:\Users\john\Desktop\Everything\לימודים\סמסטר ג\OOP\PainterIBAI\PainterIBAI1\PainterIBAIDlg.cpp(143,13): warning C4566: character represented by universal-character-name '\u05DD' cannot be represented in the current code page (1252)
C:\Users\john\Desktop\Everything\לימודים\סמסטר ג\OOP\PainterIBAI\PainterIBAI1\PainterIBAIDlg.cpp(143,13): warning C4566: character represented by universal-character-name '\u05E1' cannot be represented in the current code page (1252)
C:\Users\john\Desktop\Everything\לימודים\סמסטר ג\OOP\PainterIBAI\PainterIBAI1\PainterIBAIDlg.cpp(143,13): warning C4566: character represented by universal-character-name '\u05D8' cannot be represented in the current code page (1252)
C:\Users\john\Desktop\Everything\לימודים\סמסטר ג\OOP\PainterIBAI\PainterIBAI1\PainterIBAIDlg.cpp(143,13): warning C4566: character represented by universal-character-name '\u05E8' cannot be represented in the current code page (1252)
C:\Users\john\Desktop\Everything\לימודים\סמסטר ג\OOP\PainterIBAI\PainterIBAI1\PainterIBAIDlg.cpp(143,13): warning C4566: character represented by universal-character-name '\u05D2' cannot be represented in the current code page (1252)
C:\Users\john\Desktop\Everything\לימודים\סמסטר ג\OOP\PainterIBAI\PainterIBAI1\PainterIBAIDlg.cpp(146,13): warning C4566: character represented by universal-character-name '\u05DC' cannot be represented in the current code page (1252)
C:\Users\john\Desktop\Everything\לימודים\סמסטר ג\OOP\PainterIBAI\PainterIBAI1\PainterIBAIDlg.cpp(146,13): warning C4566: character represented by universal-character-name '\u05D9' cannot be represented in the current code page (1252)
C:\Users\john\Desktop\Everything\לימודים\סמסטר ג\OOP\PainterIBAI\PainterIBAI1\PainterIBAIDlg.cpp(146,13): warning C4566: character represented by universal-character-name '\u05DE' cannot be represented in the current code page (1252)
C:\Users\john\Desktop\Everything\לימודים\סמסטר ג\OOP\PainterIBAI\PainterIBAI1\PainterIBAIDlg.cpp(146,13): warning C4566: character represented by universal-character-name '\u05D5' cannot be represented in the current code page (1252)
C:\Users\john\Desktop\Everything\לימודים\סמסטר ג\OOP\PainterIBAI\PainterIBAI1\PainterIBAIDlg.cpp(146,13): warning C4566: character represented by universal-character-name '\u05D3' cannot be represented in the current code page (1252)
C:\Users\john\Desktop\Everything\לימודים\סמסטר ג\OOP\PainterIBAI\PainterIBAI1\PainterIBAIDlg.cpp(146,13): warning C4566: character represented by universal-character-name '\u05DD' cannot be represented in the current code page (1252)
C:\Users\john\Desktop\Everything\לימודים\סמסטר ג\OOP\PainterIBAI\PainterIBAI1\PainterIBAIDlg.cpp(146,13): warning C4566: character represented by universal-character-name '\u05E1' cannot be represented in the current code page (1252)
C:\Users\john\Desktop\Everything\לימודים\סמסטר ג\OOP\PainterIBAI\PainterIBAI1\PainterIBAIDlg.cpp(146,13): warning C4566: character represented by universal-character-name '\u05D8' cannot be represented in the current code page (1252)
C:\Users\john\Desktop\Everything\לימודים\סמסטר ג\OOP\PainterIBAI\PainterIBAI1\PainterIBAIDlg.cpp(146,13): warning C4566: character represented by universal-character-name '\u05E8' cannot be represented in the current code page (1252)
C:\Users\john\Desktop\Everything\לימודים\סמסטר ג\OOP\PainterIBAI\PainterIBAI1\PainterIBAIDlg.cpp(146,13): warning C4566: character represented by universal-character-name '\u05D2' cannot be represented in the current code page (1252)
C:\Users\john\Desktop\Everything\לימודים\סמסטר ג\OOP\PainterIBAI\PainterIBAI1\PainterIBAIDlg.cpp(149,13): warning C4566: character represented by universal-character-name '\u05DC' cannot be represented in the current code page (1252)
C:\Users\john\Desktop\Everything\לימודים\סמסטר ג\OOP\PainterIBAI\PainterIBAI1\PainterIBAIDlg.cpp(149,13): warning C4566: character represented by universal-character-name '\u05D9' cannot be represented in the current code page (1252)
C:\Users\john\Desktop\Everything\לימודים\סמסטר ג\OOP\PainterIBAI\PainterIBAI1\PainterIBAIDlg.cpp(149,13): warning C4566: character represented by universal-character-name '\u05DE' cannot be represented in the current code page (1252)
C:\Users\john\Desktop\Everything\לימודים\סמסטר ג\OOP\PainterIBAI\PainterIBAI1\PainterIBAIDlg.cpp(149,13): warning C4566: character represented by universal-character-name '\u05D5' cannot be represented in the current code page (1252)
C:\Users\john\Desktop\Everything\לימודים\סמסטר ג\OOP\PainterIBAI\PainterIBAI1\PainterIBAIDlg.cpp(149,13): warning C4566: character represented by universal-character-name '\u05D3' cannot be represented in the current code page (1252)
C:\Users\john\Desktop\Everything\לימודים\סמסטר ג\OOP\PainterIBAI\PainterIBAI1\PainterIBAIDlg.cpp(149,13): warning C4566: character represented by universal-character-name '\u05DD' cannot be represented in the current code page (1252)
C:\Users\john\Desktop\Everything\לימודים\סמסטר ג\OOP\PainterIBAI\PainterIBAI1\PainterIBAIDlg.cpp(149,13): warning C4566: character represented by universal-character-name '\u05E1' cannot be represented in the current code page (1252)
C:\Users\john\Desktop\Everything\לימודים\סמסטר ג\OOP\PainterIBAI\PainterIBAI1\PainterIBAIDlg.cpp(149,13): warning C4566: character represented by universal-character-name '\u05D8' cannot be represented in the current code page (1252)
C:\Users\john\Desktop\Everything\לימודים\סמסטר ג\OOP\PainterIBAI\PainterIBAI1\PainterIBAIDlg.cpp(149,13): warning C4566: character represented by universal-character-name '\u05E8' cannot be represented in the current code page (1252)
C:\Users\john\Desktop\Everything\לימודים\סמסטר ג\OOP\PainterIBAI\PainterIBAI1\PainterIBAIDlg.cpp(149,13): warning C4566: character represented by universal-character-name '\u05D2' cannot be represented in the current code page (1252)
  RectangleP.cpp
  SquareP.cpp
  Generating Code...
  PainterIBAI.vcxproj -> C:\Users\john\Desktop\Everything\לימודים\סמסטר ג\OOP\PainterIBAI\PainterIBAI1\Debug\PainterIBAI.exe
